2015-09-15 15:56:47 - PHP Notice:  unserialize() [<a href='function.unserialize'>function.unserialize</a>]: Error at offset 0 of 1 bytes in Z:\home\OpenCart\www\system\library\cart.php on line 23
2015-09-15 17:54:34 - PHP Warning:  ftp_mkdir() [<a href='function.ftp-mkdir'>function.ftp-mkdir</a>]: &quot;vqmod&quot;: can't create directory. No permission. in Z:\home\OpenCart\www\admin\controller\extension\installer.php on line 338
2015-09-15 17:54:34 - PHP Warning:  ftp_mkdir() [<a href='function.ftp-mkdir'>function.ftp-mkdir</a>]: &quot;vqmod/install&quot;: can't create directory. No permission. in Z:\home\OpenCart\www\admin\controller\extension\installer.php on line 338
2015-09-15 17:54:34 - PHP Warning:  ftp_put() [<a href='function.ftp-put'>function.ftp-put</a>]: Cannot STOR. No permission. in Z:\home\OpenCart\www\admin\controller\extension\installer.php on line 345
2015-09-15 17:54:34 - PHP Warning:  ftp_put() [<a href='function.ftp-put'>function.ftp-put</a>]: Cannot STOR. No permission. in Z:\home\OpenCart\www\admin\controller\extension\installer.php on line 345
2015-09-15 17:54:34 - PHP Warning:  ftp_put() [<a href='function.ftp-put'>function.ftp-put</a>]: Cannot STOR. No permission. in Z:\home\OpenCart\www\admin\controller\extension\installer.php on line 345
2015-09-15 17:54:34 - PHP Warning:  ftp_mkdir() [<a href='function.ftp-mkdir'>function.ftp-mkdir</a>]: &quot;vqmod/xml&quot;: can't create directory. No permission. in Z:\home\OpenCart\www\admin\controller\extension\installer.php on line 338
2015-09-15 17:54:34 - PHP Warning:  ftp_put() [<a href='function.ftp-put'>function.ftp-put</a>]: Cannot STOR. No permission. in Z:\home\OpenCart\www\admin\controller\extension\installer.php on line 345
2015-09-15 17:54:34 - PHP Warning:  ftp_put() [<a href='function.ftp-put'>function.ftp-put</a>]: Cannot STOR. No permission. in Z:\home\OpenCart\www\admin\controller\extension\installer.php on line 345
2015-09-15 17:54:34 - PHP Warning:  ftp_put() [<a href='function.ftp-put'>function.ftp-put</a>]: Cannot STOR. No permission. in Z:\home\OpenCart\www\admin\controller\extension\installer.php on line 345
2015-09-15 17:54:43 - PHP Warning:  ftp_mkdir() [<a href='function.ftp-mkdir'>function.ftp-mkdir</a>]: &quot;vqmod&quot;: can't create directory. No permission. in Z:\home\OpenCart\www\admin\controller\extension\installer.php on line 338
2015-09-15 17:54:43 - PHP Warning:  ftp_mkdir() [<a href='function.ftp-mkdir'>function.ftp-mkdir</a>]: &quot;vqmod/install&quot;: can't create directory. No permission. in Z:\home\OpenCart\www\admin\controller\extension\installer.php on line 338
2015-09-15 17:54:43 - PHP Warning:  ftp_put() [<a href='function.ftp-put'>function.ftp-put</a>]: Cannot STOR. No permission. in Z:\home\OpenCart\www\admin\controller\extension\installer.php on line 345
2015-09-15 17:54:43 - PHP Warning:  ftp_put() [<a href='function.ftp-put'>function.ftp-put</a>]: Cannot STOR. No permission. in Z:\home\OpenCart\www\admin\controller\extension\installer.php on line 345
2015-09-15 17:54:43 - PHP Warning:  ftp_put() [<a href='function.ftp-put'>function.ftp-put</a>]: Cannot STOR. No permission. in Z:\home\OpenCart\www\admin\controller\extension\installer.php on line 345
2015-09-15 17:54:43 - PHP Warning:  ftp_mkdir() [<a href='function.ftp-mkdir'>function.ftp-mkdir</a>]: &quot;vqmod/xml&quot;: can't create directory. No permission. in Z:\home\OpenCart\www\admin\controller\extension\installer.php on line 338
2015-09-15 17:54:43 - PHP Warning:  ftp_put() [<a href='function.ftp-put'>function.ftp-put</a>]: Cannot STOR. No permission. in Z:\home\OpenCart\www\admin\controller\extension\installer.php on line 345
2015-09-15 17:54:43 - PHP Warning:  ftp_put() [<a href='function.ftp-put'>function.ftp-put</a>]: Cannot STOR. No permission. in Z:\home\OpenCart\www\admin\controller\extension\installer.php on line 345
2015-09-15 17:54:43 - PHP Warning:  ftp_put() [<a href='function.ftp-put'>function.ftp-put</a>]: Cannot STOR. No permission. in Z:\home\OpenCart\www\admin\controller\extension\installer.php on line 345
2015-09-15 17:55:25 - PHP Warning:  ftp_login() [<a href='function.ftp-login'>function.ftp-login</a>]: Can't login : invalid home directory. in Z:\home\OpenCart\www\admin\controller\extension\installer.php on line 295
2015-09-15 18:04:21 - PHP Warning:  ftp_mkdir() [<a href='function.ftp-mkdir'>function.ftp-mkdir</a>]: &quot;vqmod&quot;: can't create directory. No permission. in Z:\home\OpenCart\www\admin\controller\extension\installer.php on line 338
2015-09-15 18:04:21 - PHP Warning:  ftp_mkdir() [<a href='function.ftp-mkdir'>function.ftp-mkdir</a>]: &quot;vqmod/install&quot;: can't create directory. No permission. in Z:\home\OpenCart\www\admin\controller\extension\installer.php on line 338
2015-09-15 18:04:21 - PHP Warning:  ftp_put() [<a href='function.ftp-put'>function.ftp-put</a>]: Cannot STOR. No permission. in Z:\home\OpenCart\www\admin\controller\extension\installer.php on line 345
2015-09-15 18:04:21 - PHP Warning:  ftp_put() [<a href='function.ftp-put'>function.ftp-put</a>]: Cannot STOR. No permission. in Z:\home\OpenCart\www\admin\controller\extension\installer.php on line 345
2015-09-15 18:04:21 - PHP Warning:  ftp_put() [<a href='function.ftp-put'>function.ftp-put</a>]: Cannot STOR. No permission. in Z:\home\OpenCart\www\admin\controller\extension\installer.php on line 345
2015-09-15 18:04:21 - PHP Warning:  ftp_mkdir() [<a href='function.ftp-mkdir'>function.ftp-mkdir</a>]: &quot;vqmod/xml&quot;: can't create directory. No permission. in Z:\home\OpenCart\www\admin\controller\extension\installer.php on line 338
2015-09-15 18:04:21 - PHP Warning:  ftp_put() [<a href='function.ftp-put'>function.ftp-put</a>]: Cannot STOR. No permission. in Z:\home\OpenCart\www\admin\controller\extension\installer.php on line 345
2015-09-15 18:04:21 - PHP Warning:  ftp_put() [<a href='function.ftp-put'>function.ftp-put</a>]: Cannot STOR. No permission. in Z:\home\OpenCart\www\admin\controller\extension\installer.php on line 345
2015-09-15 18:04:21 - PHP Warning:  ftp_put() [<a href='function.ftp-put'>function.ftp-put</a>]: Cannot STOR. No permission. in Z:\home\OpenCart\www\admin\controller\extension\installer.php on line 345
2015-09-15 18:04:51 - PHP Warning:  ftp_login() [<a href='function.ftp-login'>function.ftp-login</a>]: Can't login : invalid home directory. in Z:\home\OpenCart\www\admin\controller\extension\installer.php on line 295
2015-09-16 15:53:16 - PHP Unknown:  Function split() is deprecated in Z:\home\OpenCart\www\system\modification\catalog\view\theme\default\template\common\header.tpl on line 49
2015-09-21 22:39:00 - PHP Notice:  Undefined variable: email in Z:\home\OpenCart\www\system\modification\catalog\view\theme\default\template\common\header.tpl on line 116
2015-09-21 22:39:00 - PHP Notice:  Undefined variable: email in Z:\home\OpenCart\www\system\modification\catalog\view\theme\default\template\common\header.tpl on line 116
2015-09-21 22:39:00 - PHP Notice:  Undefined variable: email in Z:\home\OpenCart\www\system\modification\catalog\view\theme\default\template\common\header.tpl on line 116
2015-09-21 22:39:07 - PHP Notice:  Undefined variable: mail in Z:\home\OpenCart\www\system\modification\catalog\view\theme\default\template\common\header.tpl on line 116
2015-09-21 22:39:07 - PHP Notice:  Undefined variable: mail in Z:\home\OpenCart\www\system\modification\catalog\view\theme\default\template\common\header.tpl on line 116
2015-09-21 22:39:07 - PHP Notice:  Undefined variable: mail in Z:\home\OpenCart\www\system\modification\catalog\view\theme\default\template\common\header.tpl on line 116
